<?xml version="1.0" encoding="UTF-8"?>
<!-- Generated by org.testng.reporters.JUnitReportReporter -->
<testsuite hostname="AppathuraiN" name="com.tests.WebPageTest" tests="1" failures="0" timestamp="10 Aug 2020 04:06:01 GMT" time="11.981" errors="0">
  <testcase name="GetWeatherDataFromNDTVPage" time="11.981" classname="com.tests.WebPageTest"/>
</testsuite> <!-- com.tests.WebPageTest -->
