<?xml version="1.0" encoding="UTF-8"?>
<!-- Generated by org.testng.reporters.JUnitReportReporter -->
<testsuite hostname="AppathuraiN" name="com.tests.OpenWeatherAPITest" tests="1" failures="0" timestamp="10 Aug 2020 04:06:01 GMT" time="4.196" errors="0">
  <testcase name="GetWeatherDetails" time="4.196" classname="com.tests.OpenWeatherAPITest"/>
</testsuite> <!-- com.tests.OpenWeatherAPITest -->
