<?xml version="1.0" encoding="UTF-8"?>
<!-- Generated by org.testng.reporters.JUnitReportReporter -->
<testsuite hostname="AppathuraiN" name="com.tests.Homepage" tests="1" failures="0" timestamp="9 Aug 2020 14:52:50 GMT" time="10.179" errors="0">
  <testcase name="verifyGooglePageTittle" time="10.179" classname="com.tests.Homepage"/>
</testsuite> <!-- com.tests.Homepage -->
