<?xml version="1.0" encoding="UTF-8"?>
<!-- Generated by org.testng.reporters.JUnitReportReporter -->
<testsuite hostname="AppathuraiN" name="com.tests.web.NdtvPageTest" tests="3" failures="0" timestamp="11 Aug 2020 05:46:46 GMT" time="8.585" errors="0">
  <testcase name="OpeNDTVUrlTest" time="5.303" classname="com.tests.web.NdtvPageTest"/>
  <testcase name="NavigateToWeatherPageTest" time="2.305" classname="com.tests.web.NdtvPageTest"/>
  <testcase name="GetWeatherDetailsOfSelectedCityTest" time="0.977" classname="com.tests.web.NdtvPageTest"/>
</testsuite> <!-- com.tests.web.NdtvPageTest -->
