<?xml version="1.0" encoding="UTF-8"?>
<!-- Generated by org.testng.reporters.JUnitReportReporter -->
<testsuite hostname="AppathuraiN" name="com.tests.CompareWeatherDataTest" tests="1" failures="0" timestamp="10 Aug 2020 04:06:01 GMT" time="0.000" errors="0">
  <testcase name="CompareWeather" time="0.000" classname="com.tests.CompareWeatherDataTest"/>
</testsuite> <!-- com.tests.CompareWeatherDataTest -->
