<?xml version="1.0" encoding="UTF-8"?>
<!-- Generated by org.testng.reporters.JUnitReportReporter -->
<testsuite hostname="AppathuraiN" name="com.tests.OpenWeather" tests="1" failures="0" timestamp="8 Aug 2020 14:30:49 GMT" time="1.990" errors="0">
  <testcase name="GetWeatherDetails" time="1.990" classname="com.tests.OpenWeather"/>
</testsuite> <!-- com.tests.OpenWeather -->
