<?xml version="1.0" encoding="UTF-8"?>
<!-- Generated by org.testng.reporters.JUnitReportReporter -->
<testsuite hostname="AppathuraiN" name="com.tests.CompareWeatherData" tests="1" failures="0" timestamp="9 Aug 2020 14:52:50 GMT" time="0.001" errors="0">
  <testcase name="CompareWeather" time="0.001" classname="com.tests.CompareWeatherData"/>
</testsuite> <!-- com.tests.CompareWeatherData -->
