<?xml version="1.0" encoding="UTF-8"?>
<!-- Generated by org.testng.reporters.JUnitReportReporter -->
<testsuite hostname="AppathuraiN" name="com.tests.api.CompareWeatherDataTest" tests="1" failures="0" timestamp="11 Aug 2020 05:46:46 GMT" time="0.000" errors="0">
  <testcase name="CompareWeather" time="0.000" classname="com.tests.api.CompareWeatherDataTest"/>
</testsuite> <!-- com.tests.api.CompareWeatherDataTest -->
