<?xml version="1.0" encoding="UTF-8"?>
<!-- Generated by org.testng.reporters.JUnitReportReporter -->
<testsuite hostname="AppathuraiN" name="com.tests.api.OpenWeatherAPITest" tests="1" failures="0" timestamp="10 Aug 2020 14:10:15 GMT" time="2.815" errors="0">
  <testcase name="GetWeatherDetails" time="2.815" classname="com.tests.api.OpenWeatherAPITest"/>
</testsuite> <!-- com.tests.api.OpenWeatherAPITest -->
