<?xml version="1.0" encoding="UTF-8"?>
<!-- Generated by org.testng.reporters.JUnitReportReporter -->
<testsuite hostname="AppathuraiN" name="OpenWeather" tests="1" failures="0" timestamp="8 Aug 2020 08:49:41 GMT" time="0.008" errors="0">
  <testcase name="f" time="0.008" classname="OpenWeather"/>
</testsuite> <!-- OpenWeather -->
