<?xml version="1.0" encoding="UTF-8"?>
<!-- Generated by org.testng.reporters.JUnitReportReporter -->
<testsuite hostname="AppathuraiN" name="com.tests.OpenWeatherAPI" tests="1" failures="0" timestamp="9 Aug 2020 14:52:50 GMT" time="2.308" errors="0">
  <testcase name="GetWeatherDetails" time="2.308" classname="com.tests.OpenWeatherAPI"/>
</testsuite> <!-- com.tests.OpenWeatherAPI -->
