<?xml version="1.0" encoding="UTF-8"?>
<!-- Generated by org.testng.reporters.JUnitReportReporter -->
<testsuite hostname="AppathuraiN" name="com.tests.web.NdtvPageTest" tests="3" failures="0" timestamp="10 Aug 2020 14:10:15 GMT" time="10.141" errors="0">
  <testcase name="OpeNDTVUrlTest" time="6.734" classname="com.tests.web.NdtvPageTest"/>
  <testcase name="NavigateToWeatherPageTest" time="0.486" classname="com.tests.web.NdtvPageTest"/>
  <testcase name="GetWeatherDetailsOfSelectedCityTest" time="2.921" classname="com.tests.web.NdtvPageTest"/>
</testsuite> <!-- com.tests.web.NdtvPageTest -->
