<?xml version="1.0" encoding="UTF-8"?>
<!-- Generated by org.testng.reporters.JUnitReportReporter -->
<testsuite hostname="AppathuraiN" name="com.OpenWeather" tests="1" failures="0" timestamp="8 Aug 2020 12:31:23 GMT" time="2.107" errors="0">
  <testcase name="GetWeatherDetails" time="2.107" classname="com.OpenWeather"/>
</testsuite> <!-- com.OpenWeather -->
