<?xml version="1.0" encoding="UTF-8"?>
<!-- Generated by org.testng.reporters.JUnitReportReporter -->
<testsuite hostname="AppathuraiN" name="com.tests.web.NdtvPageTest" tests="3" failures="0" timestamp="10 Aug 2020 13:59:06 GMT" time="10.613" errors="0">
  <testcase name="OpeNDTVUrlTest" time="7.003" classname="com.tests.web.NdtvPageTest"/>
  <testcase name="GetWeatherDetailsOfSelectedCityTest" time="2.645" classname="com.tests.web.NdtvPageTest"/>
  <testcase name="NavigateToWeatherPageTest" time="0.965" classname="com.tests.web.NdtvPageTest"/>
</testsuite> <!-- com.tests.web.NdtvPageTest -->
