<?xml version="1.0" encoding="UTF-8"?>
<!-- Generated by org.testng.reporters.JUnitReportReporter -->
<testsuite hostname="AppathuraiN" name="com.tests.api.OpenWeatherAPITest" tests="1" failures="0" timestamp="11 Aug 2020 05:37:17 GMT" time="1.884" errors="0">
  <testcase name="GetWeatherDetails" time="1.884" classname="com.tests.api.OpenWeatherAPITest"/>
</testsuite> <!-- com.tests.api.OpenWeatherAPITest -->
