<?xml version="1.0" encoding="UTF-8"?>
<!-- Generated by org.testng.reporters.JUnitReportReporter -->
<testsuite hostname="AppathuraiN" name="com.tests.WebPageTest" tests="1" failures="0" timestamp="9 Aug 2020 16:01:36 GMT" time="13.613" errors="0">
  <testcase name="GetWeatherDataFromNDTVPage" time="13.613" classname="com.tests.WebPageTest"/>
</testsuite> <!-- com.tests.WebPageTest -->
