<?xml version="1.0" encoding="UTF-8"?>
<!-- Generated by org.testng.reporters.JUnitReportReporter -->
<testsuite hostname="AppathuraiN" name="com.tests.OpenWeatherAPITest" tests="1" failures="0" timestamp="9 Aug 2020 16:01:36 GMT" time="2.474" errors="0">
  <testcase name="GetWeatherDetails" time="2.474" classname="com.tests.OpenWeatherAPITest"/>
</testsuite> <!-- com.tests.OpenWeatherAPITest -->
